info it worked if it ends with ok
verbose cli [ 'node', '/usr/bin/npm', 'test' ]
info using npm@1.0.105
info using node@v0.6.10
verbose /usr/bin/node node symlink
verbose config file /home/andy/.npmrc
verbose config file /usr/etc/npmrc
verbose config file /usr/lib/node_modules/npm/npmrc
ERR! Error: ENOENT, no such file or directory '/home/andy/workspace/basex-node/examples/package.json'
ERR! Report this *entire* log at:
ERR!     <http://github.com/isaacs/npm/issues>
ERR! or email it to:
ERR!     <npm-@googlegroups.com>
ERR! 
ERR! System Linux 3.0.0-19-generic
ERR! command "node" "/usr/bin/npm" "test"
ERR! cwd /home/andy/workspace/basex-node/examples
ERR! node -v v0.6.10
ERR! npm -v 1.0.105
ERR! path /home/andy/workspace/basex-node/examples/package.json
ERR! code ENOENT
verbose exit [ 1, true ]
